<?xml version="1.0" encoding="UTF-8"?>
<!-- Generated by org.testng.reporters.JUnitXMLReporter -->
<testsuite ignored="0" hostname="DESKTOP-L33J1GP" failures="0" tests="2" name="BankingApp Test" time="105.532" errors="0" timestamp="28 Nov 2020 18:28:38 GMT">
  <testcase classname="com.inetbanking.testCases.TC_LoginTest_001" name="loginTest" time="32.835"/>
  <testcase classname="com.inetbanking.testCases.TC_AddCustomerTest_003" name="addNewCustomer" time="23.355"/>
</testsuite> <!-- BankingApp Test -->
