<?xml version="1.0" encoding="UTF-8"?>
<testng-results ignored="1" total="3" passed="2" failed="0" skipped="0">
  <reporter-output>
  </reporter-output>
  <suite started-at="2020-12-03T18:06:29Z" name="com.flipkart" finished-at="2020-12-03T18:07:10Z" duration-ms="40775">
    <groups>
    </groups>
    <test started-at="2020-12-03T18:06:29Z" name="flipkart test" finished-at="2020-12-03T18:07:10Z" duration-ms="40775">
      <class name="com.flipkart.testCases.TC_ResultsValidation_002">
        <test-method signature="searchResultValidation()[pri:0, instance:com.flipkart.testCases.TC_ResultsValidation_002@32910148]" started-at="2020-12-03T18:06:57Z" name="searchResultValidation" finished-at="2020-12-03T18:07:10Z" duration-ms="13299" status="PASS">
          <reporter-output>
          </reporter-output>
        </test-method> <!-- searchResultValidation -->
      </class> <!-- com.flipkart.testCases.TC_ResultsValidation_002 -->
      <class name="com.flipkart.testCases.TC_LoginTest_001">
        <test-method is-config="true" signature="setup(java.lang.String)[pri:0, instance:com.flipkart.testCases.TC_LoginTest_001@672872e1]" started-at="2020-12-03T18:06:31Z" name="setup" finished-at="2020-12-03T18:06:52Z" duration-ms="20830" status="PASS">
          <params>
            <param index="0">
              <value>
                <![CDATA[chrome]]>
              </value>
            </param>
          </params>
          <reporter-output>
          </reporter-output>
        </test-method> <!-- setup -->
        <test-method signature="loginTest()[pri:0, instance:com.flipkart.testCases.TC_LoginTest_001@672872e1]" started-at="2020-12-03T18:06:52Z" name="loginTest" finished-at="2020-12-03T18:06:57Z" duration-ms="5284" status="PASS">
          <reporter-output>
          </reporter-output>
        </test-method> <!-- loginTest -->
      </class> <!-- com.flipkart.testCases.TC_LoginTest_001 -->
    </test> <!-- flipkart test -->
  </suite> <!-- com.flipkart -->
</testng-results>
